[     714ms] [ERROR] Failed to load resource: the server responded with a status of 404 () @ https://kimseler14.github.io/icons/icon-192.png:0
[     715ms] [WARNING] Error while trying to use the following icon from the Manifest: https://kimseler14.github.io/icons/icon-192.png (Download error or resource isn't a valid image) @ https://kimseler14.github.io/BingehOS/:0
[     764ms] [ERROR] A bad HTTP response code (404) was received when fetching the script. @ :0
[     774ms] Failed to register a ServiceWorker for scope ('https://kimseler14.github.io/') with script ('https://kimseler14.github.io/sw.js'): A bad HTTP response code (404) was received when fetching the script.
[     834ms] [ERROR] Failed to load resource: the server responded with a status of 404 () @ https://kimseler14.github.io/favicon.ico:0
[    1138ms] [ERROR] A bad HTTP response code (404) was received when fetching the script. @ :0
[    1347ms] [ERROR] A bad HTTP response code (404) was received when fetching the script. @ :0
[    1808ms] Failed to register a ServiceWorker for scope ('https://kimseler14.github.io/') with script ('https://kimseler14.github.io/sw.js'): A bad HTTP response code (404) was received when fetching the script.
[    2013ms] [ERROR] A bad HTTP response code (404) was received when fetching the script. @ :0
[    2407ms] [ERROR] A bad HTTP response code (404) was received when fetching the script. @ :0
[    2438ms] Failed to register a ServiceWorker for scope ('https://kimseler14.github.io/') with script ('https://kimseler14.github.io/sw.js'): A bad HTTP response code (404) was received when fetching the script.
[    2647ms] Failed to register a ServiceWorker for scope ('https://kimseler14.github.io/') with script ('https://kimseler14.github.io/sw.js'): A bad HTTP response code (404) was received when fetching the script.
[    3111ms] Failed to register a ServiceWorker for scope ('https://kimseler14.github.io/') with script ('https://kimseler14.github.io/sw.js'): A bad HTTP response code (404) was received when fetching the script.
[    3392ms] Failed to register a ServiceWorker for scope ('https://kimseler14.github.io/') with script ('https://kimseler14.github.io/sw.js'): A bad HTTP response code (404) was received when fetching the script.
[    3662ms] [ERROR] A bad HTTP response code (404) was received when fetching the script. @ :0
[    3758ms] [ERROR] A bad HTTP response code (404) was received when fetching the script. @ :0
[    4447ms] Failed to register a ServiceWorker for scope ('https://kimseler14.github.io/') with script ('https://kimseler14.github.io/sw.js'): A bad HTTP response code (404) was received when fetching the script.
[    4393ms] [ERROR] Failed to load resource: the server responded with a status of 404 () @ https://kimseler14.github.io/icons/icon-192.png:0
[    4394ms] [WARNING] Error while trying to use the following icon from the Manifest: https://kimseler14.github.io/icons/icon-192.png (Download error or resource isn't a valid image) @ https://kimseler14.github.io/BingehOS/login/:0
[    4650ms] Failed to register a ServiceWorker for scope ('https://kimseler14.github.io/') with script ('https://kimseler14.github.io/sw.js'): A bad HTTP response code (404) was received when fetching the script.
[    4967ms] Failed to register a ServiceWorker for scope ('https://kimseler14.github.io/') with script ('https://kimseler14.github.io/sw.js'): A bad HTTP response code (404) was received when fetching the script.
[    5553ms] Failed to register a ServiceWorker for scope ('https://kimseler14.github.io/') with script ('https://kimseler14.github.io/sw.js'): A bad HTTP response code (404) was received when fetching the script.
[    6352ms] [ERROR] A bad HTTP response code (404) was received when fetching the script. @ :0
[    6457ms] [ERROR] A bad HTTP response code (404) was received when fetching the script. @ :0
[    6559ms] [ERROR] A bad HTTP response code (404) was received when fetching the script. @ :0
[    6637ms] [ERROR] A bad HTTP response code (404) was received when fetching the script. @ :0
[    6731ms] [ERROR] A bad HTTP response code (404) was received when fetching the script. @ :0
[    7051ms] [ERROR] A bad HTTP response code (404) was received when fetching the script. @ :0
[    7593ms] Failed to register a ServiceWorker for scope ('https://kimseler14.github.io/') with script ('https://kimseler14.github.io/sw.js'): A bad HTTP response code (404) was received when fetching the script.
[    7771ms] [ERROR] A bad HTTP response code (404) was received when fetching the script. @ :0
[    7785ms] Failed to register a ServiceWorker for scope ('https://kimseler14.github.io/') with script ('https://kimseler14.github.io/sw.js'): A bad HTTP response code (404) was received when fetching the script.
[    8041ms] Failed to register a ServiceWorker for scope ('https://kimseler14.github.io/') with script ('https://kimseler14.github.io/sw.js'): A bad HTTP response code (404) was received when fetching the script.
[    8455ms] Failed to register a ServiceWorker for scope ('https://kimseler14.github.io/') with script ('https://kimseler14.github.io/sw.js'): A bad HTTP response code (404) was received when fetching the script.
[    9126ms] [ERROR] A bad HTTP response code (404) was received when fetching the script. @ :0
[   10087ms] Failed to register a ServiceWorker for scope ('https://kimseler14.github.io/') with script ('https://kimseler14.github.io/sw.js'): A bad HTTP response code (404) was received when fetching the script.
[   10291ms] [ERROR] A bad HTTP response code (404) was received when fetching the script. @ :0
[   10984ms] Failed to register a ServiceWorker for scope ('https://kimseler14.github.io/') with script ('https://kimseler14.github.io/sw.js'): A bad HTTP response code (404) was received when fetching the script.
[   11647ms] [ERROR] A bad HTTP response code (404) was received when fetching the script. @ :0
[   11990ms] [ERROR] A bad HTTP response code (404) was received when fetching the script. @ :0
[   12543ms] [ERROR] A bad HTTP response code (404) was received when fetching the script. @ :0
[   12797ms] [ERROR] A bad HTTP response code (404) was received when fetching the script. @ :0
[   13001ms] [ERROR] A bad HTTP response code (404) was received when fetching the script. @ :0
[   13148ms] [ERROR] Failed to load resource: the server responded with a status of 404 () @ https://kimseler14.github.io/icons/icon-192.png:0
[   13159ms] [ERROR] A bad HTTP response code (404) was received when fetching the script. @ :0
[   13451ms] [ERROR] A bad HTTP response code (404) was received when fetching the script. @ :0
[   13598ms] [ERROR] A bad HTTP response code (404) was received when fetching the script. @ :0
[   13713ms] [ERROR] A bad HTTP response code (404) was received when fetching the script. @ :0
[   14387ms] Failed to register a ServiceWorker for scope ('https://kimseler14.github.io/') with script ('https://kimseler14.github.io/sw.js'): A bad HTTP response code (404) was received when fetching the script.
[   14560ms] Failed to register a ServiceWorker for scope ('https://kimseler14.github.io/') with script ('https://kimseler14.github.io/sw.js'): A bad HTTP response code (404) was received when fetching the script.
[   15433ms] Failed to register a ServiceWorker for scope ('https://kimseler14.github.io/') with script ('https://kimseler14.github.io/sw.js'): A bad HTTP response code (404) was received when fetching the script.
[   16001ms] Failed to register a ServiceWorker for scope ('https://kimseler14.github.io/') with script ('https://kimseler14.github.io/sw.js'): A bad HTTP response code (404) was received when fetching the script.
[   17101ms] Failed to register a ServiceWorker for scope ('https://kimseler14.github.io/') with script ('https://kimseler14.github.io/sw.js'): A bad HTTP response code (404) was received when fetching the script.
[   17602ms] Failed to register a ServiceWorker for scope ('https://kimseler14.github.io/') with script ('https://kimseler14.github.io/sw.js'): A bad HTTP response code (404) was received when fetching the script.
[   17855ms] [ERROR] A bad HTTP response code (404) was received when fetching the script. @ :0
[   18130ms] [ERROR] A bad HTTP response code (404) was received when fetching the script. @ :0
[   18233ms] [ERROR] A bad HTTP response code (404) was received when fetching the script. @ :0
[   18633ms] [ERROR] A bad HTTP response code (404) was received when fetching the script. @ :0
[   19312ms] Failed to register a ServiceWorker for scope ('https://kimseler14.github.io/') with script ('https://kimseler14.github.io/sw.js'): A bad HTTP response code (404) was received when fetching the script.
[   19803ms] Failed to register a ServiceWorker for scope ('https://kimseler14.github.io/') with script ('https://kimseler14.github.io/sw.js'): A bad HTTP response code (404) was received when fetching the script.
[   19919ms] [ERROR] A bad HTTP response code (404) was received when fetching the script. @ :0
[   20081ms] Failed to register a ServiceWorker for scope ('https://kimseler14.github.io/') with script ('https://kimseler14.github.io/sw.js'): A bad HTTP response code (404) was received when fetching the script.
[   20446ms] [ERROR] A bad HTTP response code (404) was received when fetching the script. @ :0
[   21067ms] [ERROR] A bad HTTP response code (404) was received when fetching the script. @ :0
[   21157ms] [ERROR] A bad HTTP response code (404) was received when fetching the script. @ :0
[   22530ms] Failed to register a ServiceWorker for scope ('https://kimseler14.github.io/') with script ('https://kimseler14.github.io/sw.js'): A bad HTTP response code (404) was received when fetching the script.
[   22851ms] [ERROR] A bad HTTP response code (404) was received when fetching the script. @ :0
[   23043ms] [ERROR] A bad HTTP response code (404) was received when fetching the script. @ :0
[   23223ms] [ERROR] A bad HTTP response code (404) was received when fetching the script. @ :0
[   24448ms] [ERROR] A bad HTTP response code (404) was received when fetching the script. @ :0
[   24638ms] [ERROR] A bad HTTP response code (404) was received when fetching the script. @ :0
[   25350ms] [ERROR] A bad HTTP response code (404) was received when fetching the script. @ :0
[   25808ms] [ERROR] A bad HTTP response code (404) was received when fetching the script. @ :0
[   26240ms] Failed to register a ServiceWorker for scope ('https://kimseler14.github.io/') with script ('https://kimseler14.github.io/sw.js'): A bad HTTP response code (404) was received when fetching the script.
[   26453ms] [ERROR] A bad HTTP response code (404) was received when fetching the script. @ :0
[   26979ms] Failed to register a ServiceWorker for scope ('https://kimseler14.github.io/') with script ('https://kimseler14.github.io/sw.js'): A bad HTTP response code (404) was received when fetching the script.
[   27292ms] [ERROR] A bad HTTP response code (404) was received when fetching the script. @ :0
[   27322ms] Failed to register a ServiceWorker for scope ('https://kimseler14.github.io/') with script ('https://kimseler14.github.io/sw.js'): A bad HTTP response code (404) was received when fetching the script.
[   27296ms] [ERROR] Failed to load resource: the server responded with a status of 404 () @ https://kimseler14.github.io/icons/icon-192.png:0
[   27297ms] [WARNING] Error while trying to use the following icon from the Manifest: https://kimseler14.github.io/icons/icon-192.png (Download error or resource isn't a valid image) @ https://kimseler14.github.io/BingehOS/login/:0
[   27629ms] [ERROR] A bad HTTP response code (404) was received when fetching the script. @ :0
[   28174ms] [ERROR] A bad HTTP response code (404) was received when fetching the script. @ :0
[   28299ms] [ERROR] A bad HTTP response code (404) was received when fetching the script. @ :0
[   28402ms] [ERROR] A bad HTTP response code (404) was received when fetching the script. @ :0
[   28500ms] [ERROR] A bad HTTP response code (404) was received when fetching the script. @ :0
[   28887ms] [ERROR] A bad HTTP response code (404) was received when fetching the script. @ :0
[   29708ms] [ERROR] A bad HTTP response code (404) was received when fetching the script. @ :0
[   30150ms] Failed to register a ServiceWorker for scope ('https://kimseler14.github.io/') with script ('https://kimseler14.github.io/sw.js'): A bad HTTP response code (404) was received when fetching the script.
[   30244ms] [ERROR] A bad HTTP response code (404) was received when fetching the script. @ :0
[   30408ms] [ERROR] A bad HTTP response code (404) was received when fetching the script. @ :0
[   30896ms] [ERROR] A bad HTTP response code (404) was received when fetching the script. @ :0
[   31192ms] [ERROR] A bad HTTP response code (404) was received when fetching the script. @ :0
[   31384ms] Failed to register a ServiceWorker for scope ('https://kimseler14.github.io/') with script ('https://kimseler14.github.io/sw.js'): A bad HTTP response code (404) was received when fetching the script.
[   31561ms] Failed to register a ServiceWorker for scope ('https://kimseler14.github.io/') with script ('https://kimseler14.github.io/sw.js'): A bad HTTP response code (404) was received when fetching the script.
[   32138ms] [ERROR] A bad HTTP response code (404) was received when fetching the script. @ :0
[   32163ms] Failed to register a ServiceWorker for scope ('https://kimseler14.github.io/') with script ('https://kimseler14.github.io/sw.js'): A bad HTTP response code (404) was received when fetching the script.
[   32529ms] Failed to register a ServiceWorker for scope ('https://kimseler14.github.io/') with script ('https://kimseler14.github.io/sw.js'): A bad HTTP response code (404) was received when fetching the script.
[   32710ms] [ERROR] A bad HTTP response code (404) was received when fetching the script. @ :0
[   32861ms] [ERROR] A bad HTTP response code (404) was received when fetching the script. @ :0
[   32988ms] [ERROR] A bad HTTP response code (404) was received when fetching the script. @ :0
[   33187ms] [ERROR] A bad HTTP response code (404) was received when fetching the script. @ :0
[   33653ms] Failed to register a ServiceWorker for scope ('https://kimseler14.github.io/') with script ('https://kimseler14.github.io/sw.js'): A bad HTTP response code (404) was received when fetching the script.
[   33805ms] Failed to register a ServiceWorker for scope ('https://kimseler14.github.io/') with script ('https://kimseler14.github.io/sw.js'): A bad HTTP response code (404) was received when fetching the script.
[   34013ms] [ERROR] A bad HTTP response code (404) was received when fetching the script. @ :0
[   34510ms] [ERROR] A bad HTTP response code (404) was received when fetching the script. @ :0
[   34696ms] Failed to register a ServiceWorker for scope ('https://kimseler14.github.io/') with script ('https://kimseler14.github.io/sw.js'): A bad HTTP response code (404) was received when fetching the script.
[   35085ms] [ERROR] A bad HTTP response code (404) was received when fetching the script. @ :0
[   36194ms] Failed to register a ServiceWorker for scope ('https://kimseler14.github.io/') with script ('https://kimseler14.github.io/sw.js'): A bad HTTP response code (404) was received when fetching the script.
[   36296ms] [ERROR] A bad HTTP response code (404) was received when fetching the script. @ :0
[   36846ms] [ERROR] A bad HTTP response code (404) was received when fetching the script. @ :0
[   37480ms] Failed to register a ServiceWorker for scope ('https://kimseler14.github.io/') with script ('https://kimseler14.github.io/sw.js'): A bad HTTP response code (404) was received when fetching the script.
[   37599ms] [ERROR] A bad HTTP response code (404) was received when fetching the script. @ :0
[   37985ms] [ERROR] A bad HTTP response code (404) was received when fetching the script. @ :0
[   38329ms] [ERROR] A bad HTTP response code (404) was received when fetching the script. @ :0
[   38625ms] Failed to register a ServiceWorker for scope ('https://kimseler14.github.io/') with script ('https://kimseler14.github.io/sw.js'): A bad HTTP response code (404) was received when fetching the script.
[   38924ms] [ERROR] A bad HTTP response code (404) was received when fetching the script. @ :0
[   39719ms] Failed to register a ServiceWorker for scope ('https://kimseler14.github.io/') with script ('https://kimseler14.github.io/sw.js'): A bad HTTP response code (404) was received when fetching the script.
[   40097ms] [ERROR] A bad HTTP response code (404) was received when fetching the script. @ :0
[   40286ms] [ERROR] A bad HTTP response code (404) was received when fetching the script. @ :0
[   40399ms] [ERROR] A bad HTTP response code (404) was received when fetching the script. @ :0
[   40586ms] [ERROR] A bad HTTP response code (404) was received when fetching the script. @ :0
[   40940ms] Failed to register a ServiceWorker for scope ('https://kimseler14.github.io/') with script ('https://kimseler14.github.io/sw.js'): A bad HTTP response code (404) was received when fetching the script.
[   41154ms] Failed to register a ServiceWorker for scope ('https://kimseler14.github.io/') with script ('https://kimseler14.github.io/sw.js'): A bad HTTP response code (404) was received when fetching the script.
[   41346ms] [ERROR] A bad HTTP response code (404) was received when fetching the script. @ :0
[   41744ms] [ERROR] A bad HTTP response code (404) was received when fetching the script. @ :0
[   42200ms] [ERROR] A bad HTTP response code (404) was received when fetching the script. @ :0
[   42474ms] [ERROR] A bad HTTP response code (404) was received when fetching the script. @ :0
[   43323ms] Failed to register a ServiceWorker for scope ('https://kimseler14.github.io/') with script ('https://kimseler14.github.io/sw.js'): A bad HTTP response code (404) was received when fetching the script.
[   44468ms] Failed to register a ServiceWorker for scope ('https://kimseler14.github.io/') with script ('https://kimseler14.github.io/sw.js'): A bad HTTP response code (404) was received when fetching the script.
[   44655ms] Failed to register a ServiceWorker for scope ('https://kimseler14.github.io/') with script ('https://kimseler14.github.io/sw.js'): A bad HTTP response code (404) was received when fetching the script.
[   44858ms] Failed to register a ServiceWorker for scope ('https://kimseler14.github.io/') with script ('https://kimseler14.github.io/sw.js'): A bad HTTP response code (404) was received when fetching the script.
[   44990ms] [ERROR] A bad HTTP response code (404) was received when fetching the script. @ :0
[   45079ms] [ERROR] A bad HTTP response code (404) was received when fetching the script. @ :0
[   45936ms] [ERROR] Failed to load resource: the server responded with a status of 404 () @ https://kimseler14.github.io/icons/icon-192.png:0
[   45938ms] [WARNING] Error while trying to use the following icon from the Manifest: https://kimseler14.github.io/icons/icon-192.png (Download error or resource isn't a valid image) @ https://kimseler14.github.io/BingehOS/login/:0
[   45948ms] [ERROR] A bad HTTP response code (404) was received when fetching the script. @ :0
[   46164ms] [ERROR] A bad HTTP response code (404) was received when fetching the script. @ :0
[   46166ms] [ERROR] Failed to load resource: the server responded with a status of 404 () @ https://kimseler14.github.io/icons/icon-192.png:0
[   46181ms] Failed to register a ServiceWorker for scope ('https://kimseler14.github.io/') with script ('https://kimseler14.github.io/sw.js'): A bad HTTP response code (404) was received when fetching the script.
[   46169ms] [WARNING] Error while trying to use the following icon from the Manifest: https://kimseler14.github.io/icons/icon-192.png (Download error or resource isn't a valid image) @ https://kimseler14.github.io/BingehOS/login/:0
[   46621ms] [ERROR] A bad HTTP response code (404) was received when fetching the script. @ :0
[   46818ms] [ERROR] A bad HTTP response code (404) was received when fetching the script. @ :0
[   47021ms] Failed to register a ServiceWorker for scope ('https://kimseler14.github.io/') with script ('https://kimseler14.github.io/sw.js'): A bad HTTP response code (404) was received when fetching the script.
[   47287ms] [ERROR] A bad HTTP response code (404) was received when fetching the script. @ :0
