[     120ms] Failed to register a ServiceWorker for scope ('https://kimseler14.github.io/') with script ('https://kimseler14.github.io/sw.js'): A bad HTTP response code (404) was received when fetching the script.
[     197ms] [ERROR] A bad HTTP response code (404) was received when fetching the script. @ :0
[     502ms] [ERROR] A bad HTTP response code (404) was received when fetching the script. @ :0
[     836ms] [ERROR] A bad HTTP response code (404) was received when fetching the script. @ :0
[     960ms] [ERROR] A bad HTTP response code (404) was received when fetching the script. @ :0
[    1089ms] [ERROR] Failed to load resource: the server responded with a status of 404 () @ https://kimseler14.github.io/icons/icon-192.png:0
[    3199ms] [ERROR] A bad HTTP response code (404) was received when fetching the script. @ :0
[    3299ms] [ERROR] Failed to load resource: the server responded with a status of 404 () @ https://kimseler14.github.io/icons/icon-192.png:0
[    3722ms] [ERROR] A bad HTTP response code (404) was received when fetching the script. @ :0
[    3820ms] [ERROR] A bad HTTP response code (404) was received when fetching the script. @ :0
[    4052ms] Failed to register a ServiceWorker for scope ('https://kimseler14.github.io/') with script ('https://kimseler14.github.io/sw.js'): A bad HTTP response code (404) was received when fetching the script.
[    4795ms] [ERROR] A bad HTTP response code (404) was received when fetching the script. @ :0
[    5017ms] [ERROR] A bad HTTP response code (404) was received when fetching the script. @ :0
[    5453ms] [ERROR] A bad HTTP response code (404) was received when fetching the script. @ :0
[    5936ms] Failed to register a ServiceWorker for scope ('https://kimseler14.github.io/') with script ('https://kimseler14.github.io/sw.js'): A bad HTTP response code (404) was received when fetching the script.
[    6165ms] [ERROR] A bad HTTP response code (404) was received when fetching the script. @ :0
[    6277ms] [ERROR] A bad HTTP response code (404) was received when fetching the script. @ :0
[    6691ms] [ERROR] A bad HTTP response code (404) was received when fetching the script. @ :0
[    6981ms] [ERROR] A bad HTTP response code (404) was received when fetching the script. @ :0
[    7701ms] Failed to register a ServiceWorker for scope ('https://kimseler14.github.io/') with script ('https://kimseler14.github.io/sw.js'): A bad HTTP response code (404) was received when fetching the script.
[    8670ms] Failed to register a ServiceWorker for scope ('https://kimseler14.github.io/') with script ('https://kimseler14.github.io/sw.js'): A bad HTTP response code (404) was received when fetching the script.
[    8905ms] [ERROR] A bad HTTP response code (404) was received when fetching the script. @ :0
[    9106ms] [ERROR] A bad HTTP response code (404) was received when fetching the script. @ :0
[    9384ms] [ERROR] A bad HTTP response code (404) was received when fetching the script. @ :0
[    9639ms] Failed to register a ServiceWorker for scope ('https://kimseler14.github.io/') with script ('https://kimseler14.github.io/sw.js'): A bad HTTP response code (404) was received when fetching the script.
[    9963ms] Failed to register a ServiceWorker for scope ('https://kimseler14.github.io/') with script ('https://kimseler14.github.io/sw.js'): A bad HTTP response code (404) was received when fetching the script.
[   10085ms] Failed to register a ServiceWorker for scope ('https://kimseler14.github.io/') with script ('https://kimseler14.github.io/sw.js'): A bad HTTP response code (404) was received when fetching the script.
[   10212ms] Failed to register a ServiceWorker for scope ('https://kimseler14.github.io/') with script ('https://kimseler14.github.io/sw.js'): A bad HTTP response code (404) was received when fetching the script.
[   10267ms] [ERROR] A bad HTTP response code (404) was received when fetching the script. @ :0
[   11411ms] [ERROR] A bad HTTP response code (404) was received when fetching the script. @ :0
[   12514ms] [ERROR] A bad HTTP response code (404) was received when fetching the script. @ :0
[   12614ms] Failed to register a ServiceWorker for scope ('https://kimseler14.github.io/') with script ('https://kimseler14.github.io/sw.js'): A bad HTTP response code (404) was received when fetching the script.
[   12668ms] [ERROR] A bad HTTP response code (404) was received when fetching the script. @ :0
[   12962ms] Failed to register a ServiceWorker for scope ('https://kimseler14.github.io/') with script ('https://kimseler14.github.io/sw.js'): A bad HTTP response code (404) was received when fetching the script.
[   13014ms] [ERROR] A bad HTTP response code (404) was received when fetching the script. @ :0
[   13103ms] Failed to register a ServiceWorker for scope ('https://kimseler14.github.io/') with script ('https://kimseler14.github.io/sw.js'): A bad HTTP response code (404) was received when fetching the script.
[   13152ms] [ERROR] A bad HTTP response code (404) was received when fetching the script. @ :0
[   13240ms] Failed to register a ServiceWorker for scope ('https://kimseler14.github.io/') with script ('https://kimseler14.github.io/sw.js'): A bad HTTP response code (404) was received when fetching the script.
[   13777ms] Failed to register a ServiceWorker for scope ('https://kimseler14.github.io/') with script ('https://kimseler14.github.io/sw.js'): A bad HTTP response code (404) was received when fetching the script.
[   14456ms] Failed to register a ServiceWorker for scope ('https://kimseler14.github.io/') with script ('https://kimseler14.github.io/sw.js'): A bad HTTP response code (404) was received when fetching the script.
[   14648ms] Failed to register a ServiceWorker for scope ('https://kimseler14.github.io/') with script ('https://kimseler14.github.io/sw.js'): A bad HTTP response code (404) was received when fetching the script.
[   14736ms] Failed to register a ServiceWorker for scope ('https://kimseler14.github.io/') with script ('https://kimseler14.github.io/sw.js'): A bad HTTP response code (404) was received when fetching the script.
[   14975ms] [ERROR] A bad HTTP response code (404) was received when fetching the script. @ :0
[   15301ms] [ERROR] A bad HTTP response code (404) was received when fetching the script. @ :0
[   15384ms] Failed to register a ServiceWorker for scope ('https://kimseler14.github.io/') with script ('https://kimseler14.github.io/sw.js'): A bad HTTP response code (404) was received when fetching the script.
[   15537ms] [ERROR] A bad HTTP response code (404) was received when fetching the script. @ :0
[   15542ms] Failed to register a ServiceWorker for scope ('https://kimseler14.github.io/') with script ('https://kimseler14.github.io/sw.js'): A bad HTTP response code (404) was received when fetching the script.
[   16355ms] [ERROR] A bad HTTP response code (404) was received when fetching the script. @ :0
[   16451ms] [ERROR] A bad HTTP response code (404) was received when fetching the script. @ :0
[   16572ms] [ERROR] A bad HTTP response code (404) was received when fetching the script. @ :0
[   17008ms] [ERROR] A bad HTTP response code (404) was received when fetching the script. @ :0
[   17059ms] [ERROR] A bad HTTP response code (404) was received when fetching the script. @ :0
[   17104ms] [ERROR] A bad HTTP response code (404) was received when fetching the script. @ :0
[   17449ms] [ERROR] A bad HTTP response code (404) was received when fetching the script. @ :0
[   17504ms] [ERROR] A bad HTTP response code (404) was received when fetching the script. @ :0
[   17647ms] [ERROR] A bad HTTP response code (404) was received when fetching the script. @ :0
[   17743ms] [ERROR] A bad HTTP response code (404) was received when fetching the script. @ :0
[   17846ms] [ERROR] A bad HTTP response code (404) was received when fetching the script. @ :0
[   17987ms] [ERROR] A bad HTTP response code (404) was received when fetching the script. @ :0
[   18399ms] [ERROR] A bad HTTP response code (404) was received when fetching the script. @ :0
[   18533ms] [ERROR] A bad HTTP response code (404) was received when fetching the script. @ :0
[   19817ms] [ERROR] A bad HTTP response code (404) was received when fetching the script. @ :0
[   20362ms] [ERROR] A bad HTTP response code (404) was received when fetching the script. @ :0
[   20463ms] [ERROR] A bad HTTP response code (404) was received when fetching the script. @ :0
[   20571ms] [ERROR] A bad HTTP response code (404) was received when fetching the script. @ :0
[   21119ms] [ERROR] A bad HTTP response code (404) was received when fetching the script. @ :0
[   21167ms] [ERROR] A bad HTTP response code (404) was received when fetching the script. @ :0
[   21416ms] [ERROR] A bad HTTP response code (404) was received when fetching the script. @ :0
[   21614ms] [ERROR] A bad HTTP response code (404) was received when fetching the script. @ :0
[   21708ms] [ERROR] A bad HTTP response code (404) was received when fetching the script. @ :0
[   21968ms] [ERROR] A bad HTTP response code (404) was received when fetching the script. @ :0
[   22941ms] Failed to register a ServiceWorker for scope ('https://kimseler14.github.io/') with script ('https://kimseler14.github.io/sw.js'): A bad HTTP response code (404) was received when fetching the script.
[   23025ms] Failed to register a ServiceWorker for scope ('https://kimseler14.github.io/') with script ('https://kimseler14.github.io/sw.js'): A bad HTTP response code (404) was received when fetching the script.
[   23263ms] [ERROR] A bad HTTP response code (404) was received when fetching the script. @ :0
[   23387ms] [ERROR] A bad HTTP response code (404) was received when fetching the script. @ :0
[   23549ms] [ERROR] A bad HTTP response code (404) was received when fetching the script. @ :0
[   23779ms] Failed to register a ServiceWorker for scope ('https://kimseler14.github.io/') with script ('https://kimseler14.github.io/sw.js'): A bad HTTP response code (404) was received when fetching the script.
[   24141ms] [ERROR] A bad HTTP response code (404) was received when fetching the script. @ :0
[   24196ms] [ERROR] A bad HTTP response code (404) was received when fetching the script. @ :0
[   24591ms] [ERROR] A bad HTTP response code (404) was received when fetching the script. @ :0
[   24701ms] [ERROR] A bad HTTP response code (404) was received when fetching the script. @ :0
[   24985ms] Failed to register a ServiceWorker for scope ('https://kimseler14.github.io/') with script ('https://kimseler14.github.io/sw.js'): A bad HTTP response code (404) was received when fetching the script.
[   25177ms] [ERROR] A bad HTTP response code (404) was received when fetching the script. @ :0
[   25362ms] [ERROR] A bad HTTP response code (404) was received when fetching the script. @ :0
[   26086ms] [ERROR] A bad HTTP response code (404) was received when fetching the script. @ :0
[   26145ms] [ERROR] A bad HTTP response code (404) was received when fetching the script. @ :0
[   26265ms] [ERROR] A bad HTTP response code (404) was received when fetching the script. @ :0
[   26309ms] [ERROR] A bad HTTP response code (404) was received when fetching the script. @ :0
[   26567ms] Failed to register a ServiceWorker for scope ('https://kimseler14.github.io/') with script ('https://kimseler14.github.io/sw.js'): A bad HTTP response code (404) was received when fetching the script.
[   26750ms] [ERROR] A bad HTTP response code (404) was received when fetching the script. @ :0
[   27040ms] [ERROR] A bad HTTP response code (404) was received when fetching the script. @ :0
[   27509ms] [ERROR] A bad HTTP response code (404) was received when fetching the script. @ :0
[   27810ms] Failed to register a ServiceWorker for scope ('https://kimseler14.github.io/') with script ('https://kimseler14.github.io/sw.js'): A bad HTTP response code (404) was received when fetching the script.
[   28329ms] [ERROR] A bad HTTP response code (404) was received when fetching the script. @ :0
[   28374ms] [ERROR] A bad HTTP response code (404) was received when fetching the script. @ :0
[   28817ms] Failed to register a ServiceWorker for scope ('https://kimseler14.github.io/') with script ('https://kimseler14.github.io/sw.js'): A bad HTTP response code (404) was received when fetching the script.
[   28913ms] [ERROR] A bad HTTP response code (404) was received when fetching the script. @ :0
[   28959ms] [ERROR] A bad HTTP response code (404) was received when fetching the script. @ :0
[   29186ms] [ERROR] A bad HTTP response code (404) was received when fetching the script. @ :0
[   29245ms] [ERROR] A bad HTTP response code (404) was received when fetching the script. @ :0
