[     178ms] Failed to register a ServiceWorker for scope ('https://kimseler14.github.io/') with script ('https://kimseler14.github.io/sw.js'): A bad HTTP response code (404) was received when fetching the script.
[     642ms] Failed to register a ServiceWorker for scope ('https://kimseler14.github.io/') with script ('https://kimseler14.github.io/sw.js'): A bad HTTP response code (404) was received when fetching the script.
[     984ms] Failed to register a ServiceWorker for scope ('https://kimseler14.github.io/') with script ('https://kimseler14.github.io/sw.js'): A bad HTTP response code (404) was received when fetching the script.
[    1764ms] Failed to register a ServiceWorker for scope ('https://kimseler14.github.io/') with script ('https://kimseler14.github.io/sw.js'): A bad HTTP response code (404) was received when fetching the script.
[    2013ms] [ERROR] A bad HTTP response code (404) was received when fetching the script. @ :0
[    2621ms] [ERROR] A bad HTTP response code (404) was received when fetching the script. @ :0
[    2874ms] [ERROR] A bad HTTP response code (404) was received when fetching the script. @ :0
[    3166ms] [ERROR] A bad HTTP response code (404) was received when fetching the script. @ :0
[    4285ms] [ERROR] A bad HTTP response code (404) was received when fetching the script. @ :0
[    4380ms] [ERROR] A bad HTTP response code (404) was received when fetching the script. @ :0
[    5179ms] [ERROR] A bad HTTP response code (404) was received when fetching the script. @ :0
[    5542ms] [ERROR] A bad HTTP response code (404) was received when fetching the script. @ :0
[    5669ms] [ERROR] A bad HTTP response code (404) was received when fetching the script. @ :0
[    5796ms] Failed to register a ServiceWorker for scope ('https://kimseler14.github.io/') with script ('https://kimseler14.github.io/sw.js'): A bad HTTP response code (404) was received when fetching the script.
[    7101ms] Failed to register a ServiceWorker for scope ('https://kimseler14.github.io/') with script ('https://kimseler14.github.io/sw.js'): A bad HTTP response code (404) was received when fetching the script.
[    7380ms] [ERROR] A bad HTTP response code (404) was received when fetching the script. @ :0
[    7579ms] [ERROR] A bad HTTP response code (404) was received when fetching the script. @ :0
[    7626ms] [ERROR] A bad HTTP response code (404) was received when fetching the script. @ :0
[    7722ms] [ERROR] A bad HTTP response code (404) was received when fetching the script. @ :0
[    7898ms] [ERROR] A bad HTTP response code (404) was received when fetching the script. @ :0
[    8754ms] [ERROR] A bad HTTP response code (404) was received when fetching the script. @ :0
[    8978ms] [ERROR] A bad HTTP response code (404) was received when fetching the script. @ :0
[    9383ms] [ERROR] A bad HTTP response code (404) was received when fetching the script. @ :0
[    9554ms] [ERROR] A bad HTTP response code (404) was received when fetching the script. @ :0
[    9856ms] [ERROR] A bad HTTP response code (404) was received when fetching the script. @ :0
[   10276ms] [ERROR] A bad HTTP response code (404) was received when fetching the script. @ :0
[   10509ms] [ERROR] A bad HTTP response code (404) was received when fetching the script. @ :0
[   10926ms] [ERROR] A bad HTTP response code (404) was received when fetching the script. @ :0
[   11059ms] [ERROR] A bad HTTP response code (404) was received when fetching the script. @ :0
[   11100ms] [ERROR] A bad HTTP response code (404) was received when fetching the script. @ :0
[   12271ms] [ERROR] A bad HTTP response code (404) was received when fetching the script. @ :0
[   12828ms] [ERROR] A bad HTTP response code (404) was received when fetching the script. @ :0
[   13002ms] [ERROR] A bad HTTP response code (404) was received when fetching the script. @ :0
[   13041ms] [ERROR] A bad HTTP response code (404) was received when fetching the script. @ :0
[   13172ms] [ERROR] A bad HTTP response code (404) was received when fetching the script. @ :0
[   13259ms] [ERROR] A bad HTTP response code (404) was received when fetching the script. @ :0
[   13454ms] [ERROR] A bad HTTP response code (404) was received when fetching the script. @ :0
[   14319ms] [ERROR] A bad HTTP response code (404) was received when fetching the script. @ :0
[   14666ms] Failed to register a ServiceWorker for scope ('https://kimseler14.github.io/') with script ('https://kimseler14.github.io/sw.js'): A bad HTTP response code (404) was received when fetching the script.
[   14913ms] Failed to register a ServiceWorker for scope ('https://kimseler14.github.io/') with script ('https://kimseler14.github.io/sw.js'): A bad HTTP response code (404) was received when fetching the script.
[   15100ms] [ERROR] A bad HTTP response code (404) was received when fetching the script. @ :0
[   15774ms] [ERROR] A bad HTTP response code (404) was received when fetching the script. @ :0
[   16622ms] [ERROR] A bad HTTP response code (404) was received when fetching the script. @ :0
[   16814ms] Failed to register a ServiceWorker for scope ('https://kimseler14.github.io/') with script ('https://kimseler14.github.io/sw.js'): A bad HTTP response code (404) was received when fetching the script.
[   16924ms] [ERROR] A bad HTTP response code (404) was received when fetching the script. @ :0
[   17258ms] [ERROR] A bad HTTP response code (404) was received when fetching the script. @ :0
[   17413ms] [ERROR] A bad HTTP response code (404) was received when fetching the script. @ :0
[   17654ms] [ERROR] A bad HTTP response code (404) was received when fetching the script. @ :0
[   17756ms] [ERROR] A bad HTTP response code (404) was received when fetching the script. @ :0
[   17803ms] [ERROR] A bad HTTP response code (404) was received when fetching the script. @ :0
[   17850ms] [ERROR] A bad HTTP response code (404) was received when fetching the script. @ :0
[   17903ms] [ERROR] A bad HTTP response code (404) was received when fetching the script. @ :0
[   18412ms] Failed to register a ServiceWorker for scope ('https://kimseler14.github.io/') with script ('https://kimseler14.github.io/sw.js'): A bad HTTP response code (404) was received when fetching the script.
[   18690ms] [ERROR] A bad HTTP response code (404) was received when fetching the script. @ :0
[   18796ms] [ERROR] A bad HTTP response code (404) was received when fetching the script. @ :0
[   18844ms] [ERROR] A bad HTTP response code (404) was received when fetching the script. @ :0
[   19040ms] [ERROR] A bad HTTP response code (404) was received when fetching the script. @ :0
[   19295ms] [ERROR] A bad HTTP response code (404) was received when fetching the script. @ :0
[   19381ms] [ERROR] A bad HTTP response code (404) was received when fetching the script. @ :0
[   19923ms] [ERROR] A bad HTTP response code (404) was received when fetching the script. @ :0
[   20320ms] [ERROR] A bad HTTP response code (404) was received when fetching the script. @ :0
[   20749ms] Failed to register a ServiceWorker for scope ('https://kimseler14.github.io/') with script ('https://kimseler14.github.io/sw.js'): A bad HTTP response code (404) was received when fetching the script.
[   21055ms] Failed to register a ServiceWorker for scope ('https://kimseler14.github.io/') with script ('https://kimseler14.github.io/sw.js'): A bad HTTP response code (404) was received when fetching the script.
[   21854ms] [ERROR] A bad HTTP response code (404) was received when fetching the script. @ :0
[   22048ms] [ERROR] A bad HTTP response code (404) was received when fetching the script. @ :0
[   22715ms] [ERROR] A bad HTTP response code (404) was received when fetching the script. @ :0
[   23090ms] [ERROR] A bad HTTP response code (404) was received when fetching the script. @ :0
[   23140ms] [ERROR] A bad HTTP response code (404) was received when fetching the script. @ :0
[   23242ms] [ERROR] A bad HTTP response code (404) was received when fetching the script. @ :0
[   23333ms] Failed to register a ServiceWorker for scope ('https://kimseler14.github.io/') with script ('https://kimseler14.github.io/sw.js'): A bad HTTP response code (404) was received when fetching the script.
[   24321ms] [ERROR] A bad HTTP response code (404) was received when fetching the script. @ :0
[   24613ms] [ERROR] A bad HTTP response code (404) was received when fetching the script. @ :0
[   24706ms] [ERROR] A bad HTTP response code (404) was received when fetching the script. @ :0
[   24819ms] [ERROR] A bad HTTP response code (404) was received when fetching the script. @ :0
[   24908ms] [ERROR] A bad HTTP response code (404) was received when fetching the script. @ :0
