[     817ms] Failed to register a ServiceWorker for scope ('https://kimseler14.github.io/') with script ('https://kimseler14.github.io/sw.js'): A bad HTTP response code (404) was received when fetching the script.
[    1088ms] Failed to register a ServiceWorker for scope ('https://kimseler14.github.io/') with script ('https://kimseler14.github.io/sw.js'): A bad HTTP response code (404) was received when fetching the script.
[    1536ms] Failed to register a ServiceWorker for scope ('https://kimseler14.github.io/') with script ('https://kimseler14.github.io/sw.js'): A bad HTTP response code (404) was received when fetching the script.
[    2285ms] [ERROR] A bad HTTP response code (404) was received when fetching the script. @ :0
[    2455ms] [ERROR] A bad HTTP response code (404) was received when fetching the script. @ :0
[    3195ms] [ERROR] A bad HTTP response code (404) was received when fetching the script. @ :0
[    3361ms] [ERROR] A bad HTTP response code (404) was received when fetching the script. @ :0
[    3609ms] [ERROR] A bad HTTP response code (404) was received when fetching the script. @ :0
[    3711ms] [ERROR] A bad HTTP response code (404) was received when fetching the script. @ :0
[    3827ms] [ERROR] A bad HTTP response code (404) was received when fetching the script. @ :0
[    3888ms] [ERROR] A bad HTTP response code (404) was received when fetching the script. @ :0
[    3950ms] [ERROR] A bad HTTP response code (404) was received when fetching the script. @ :0
[    4189ms] [ERROR] A bad HTTP response code (404) was received when fetching the script. @ :0
[    4406ms] [ERROR] A bad HTTP response code (404) was received when fetching the script. @ :0
[    4466ms] [ERROR] A bad HTTP response code (404) was received when fetching the script. @ :0
[    4686ms] [ERROR] A bad HTTP response code (404) was received when fetching the script. @ :0
[    4887ms] [ERROR] A bad HTTP response code (404) was received when fetching the script. @ :0
[    4968ms] [ERROR] A bad HTTP response code (404) was received when fetching the script. @ :0
[    5277ms] [ERROR] A bad HTTP response code (404) was received when fetching the script. @ :0
[    5343ms] [ERROR] A bad HTTP response code (404) was received when fetching the script. @ :0
[    5567ms] Failed to register a ServiceWorker for scope ('https://kimseler14.github.io/') with script ('https://kimseler14.github.io/sw.js'): A bad HTTP response code (404) was received when fetching the script.
[    5754ms] [ERROR] A bad HTTP response code (404) was received when fetching the script. @ :0
[    6047ms] [ERROR] A bad HTTP response code (404) was received when fetching the script. @ :0
[    6305ms] [ERROR] A bad HTTP response code (404) was received when fetching the script. @ :0
[    6968ms] [ERROR] A bad HTTP response code (404) was received when fetching the script. @ :0
[    7125ms] [ERROR] A bad HTTP response code (404) was received when fetching the script. @ :0
[    7224ms] [ERROR] A bad HTTP response code (404) was received when fetching the script. @ :0
[    7336ms] [ERROR] A bad HTTP response code (404) was received when fetching the script. @ :0
[    7419ms] [ERROR] A bad HTTP response code (404) was received when fetching the script. @ :0
[    7500ms] [ERROR] A bad HTTP response code (404) was received when fetching the script. @ :0
[    7782ms] [ERROR] A bad HTTP response code (404) was received when fetching the script. @ :0
[    7949ms] [ERROR] A bad HTTP response code (404) was received when fetching the script. @ :0
[    8005ms] [ERROR] A bad HTTP response code (404) was received when fetching the script. @ :0
[    8386ms] [ERROR] A bad HTTP response code (404) was received when fetching the script. @ :0
[    8591ms] [ERROR] A bad HTTP response code (404) was received when fetching the script. @ :0
[    8652ms] [ERROR] A bad HTTP response code (404) was received when fetching the script. @ :0
[    8973ms] [ERROR] A bad HTTP response code (404) was received when fetching the script. @ :0
[    9129ms] [ERROR] A bad HTTP response code (404) was received when fetching the script. @ :0
[    9256ms] [ERROR] A bad HTTP response code (404) was received when fetching the script. @ :0
[    9354ms] [ERROR] A bad HTTP response code (404) was received when fetching the script. @ :0
[    9630ms] [ERROR] A bad HTTP response code (404) was received when fetching the script. @ :0
[    9822ms] [ERROR] A bad HTTP response code (404) was received when fetching the script. @ :0
[   10069ms] [ERROR] A bad HTTP response code (404) was received when fetching the script. @ :0
[   10157ms] [ERROR] A bad HTTP response code (404) was received when fetching the script. @ :0
[   10237ms] [ERROR] A bad HTTP response code (404) was received when fetching the script. @ :0
[   10291ms] [ERROR] A bad HTTP response code (404) was received when fetching the script. @ :0
[   10437ms] [ERROR] A bad HTTP response code (404) was received when fetching the script. @ :0
[   11614ms] [ERROR] A bad HTTP response code (404) was received when fetching the script. @ :0
[   11712ms] [ERROR] A bad HTTP response code (404) was received when fetching the script. @ :0
[   11801ms] [ERROR] A bad HTTP response code (404) was received when fetching the script. @ :0
[   11853ms] [ERROR] A bad HTTP response code (404) was received when fetching the script. @ :0
[   12100ms] [ERROR] A bad HTTP response code (404) was received when fetching the script. @ :0
[   12507ms] [ERROR] A bad HTTP response code (404) was received when fetching the script. @ :0
[   12695ms] [ERROR] A bad HTTP response code (404) was received when fetching the script. @ :0
[   12787ms] [ERROR] A bad HTTP response code (404) was received when fetching the script. @ :0
[   12945ms] [ERROR] A bad HTTP response code (404) was received when fetching the script. @ :0
[   13003ms] [ERROR] A bad HTTP response code (404) was received when fetching the script. @ :0
[   13597ms] [ERROR] A bad HTTP response code (404) was received when fetching the script. @ :0
[   13774ms] [ERROR] A bad HTTP response code (404) was received when fetching the script. @ :0
[   13817ms] [ERROR] A bad HTTP response code (404) was received when fetching the script. @ :0
[   14091ms] [ERROR] A bad HTTP response code (404) was received when fetching the script. @ :0
[   14955ms] [ERROR] A bad HTTP response code (404) was received when fetching the script. @ :0
[   15056ms] [ERROR] A bad HTTP response code (404) was received when fetching the script. @ :0
[   15494ms] Failed to register a ServiceWorker for scope ('https://kimseler14.github.io/') with script ('https://kimseler14.github.io/sw.js'): A bad HTTP response code (404) was received when fetching the script.
[   16094ms] [ERROR] A bad HTTP response code (404) was received when fetching the script. @ :0
[   16188ms] [ERROR] A bad HTTP response code (404) was received when fetching the script. @ :0
[   16387ms] [ERROR] A bad HTTP response code (404) was received when fetching the script. @ :0
[   16699ms] [ERROR] A bad HTTP response code (404) was received when fetching the script. @ :0
[   16746ms] [ERROR] A bad HTTP response code (404) was received when fetching the script. @ :0
[   16849ms] [ERROR] A bad HTTP response code (404) was received when fetching the script. @ :0
[   17341ms] [ERROR] A bad HTTP response code (404) was received when fetching the script. @ :0
[   18212ms] [ERROR] A bad HTTP response code (404) was received when fetching the script. @ :0
[   18306ms] [ERROR] A bad HTTP response code (404) was received when fetching the script. @ :0
[   19120ms] [ERROR] A bad HTTP response code (404) was received when fetching the script. @ :0
[   19391ms] [ERROR] A bad HTTP response code (404) was received when fetching the script. @ :0
[   19582ms] [ERROR] A bad HTTP response code (404) was received when fetching the script. @ :0
[   19626ms] [ERROR] A bad HTTP response code (404) was received when fetching the script. @ :0
[   19942ms] [ERROR] A bad HTTP response code (404) was received when fetching the script. @ :0
[   19995ms] [ERROR] A bad HTTP response code (404) was received when fetching the script. @ :0
[   20142ms] [ERROR] A bad HTTP response code (404) was received when fetching the script. @ :0
[   20318ms] [ERROR] A bad HTTP response code (404) was received when fetching the script. @ :0
[   20563ms] [ERROR] A bad HTTP response code (404) was received when fetching the script. @ :0
[   20608ms] [ERROR] A bad HTTP response code (404) was received when fetching the script. @ :0
[   20659ms] [ERROR] A bad HTTP response code (404) was received when fetching the script. @ :0
[   20911ms] [ERROR] A bad HTTP response code (404) was received when fetching the script. @ :0
[   21183ms] [ERROR] A bad HTTP response code (404) was received when fetching the script. @ :0
[   21241ms] [ERROR] A bad HTTP response code (404) was received when fetching the script. @ :0
[   21646ms] [ERROR] A bad HTTP response code (404) was received when fetching the script. @ :0
[   21798ms] [ERROR] A bad HTTP response code (404) was received when fetching the script. @ :0
[   21974ms] [ERROR] A bad HTTP response code (404) was received when fetching the script. @ :0
[   21982ms] Failed to register a ServiceWorker for scope ('https://kimseler14.github.io/') with script ('https://kimseler14.github.io/sw.js'): A bad HTTP response code (404) was received when fetching the script.
[   22033ms] [ERROR] A bad HTTP response code (404) was received when fetching the script. @ :0
[   22166ms] Failed to register a ServiceWorker for scope ('https://kimseler14.github.io/') with script ('https://kimseler14.github.io/sw.js'): A bad HTTP response code (404) was received when fetching the script.
[   22237ms] [ERROR] A bad HTTP response code (404) was received when fetching the script. @ :0
[   22290ms] [ERROR] A bad HTTP response code (404) was received when fetching the script. @ :0
[   22343ms] [ERROR] A bad HTTP response code (404) was received when fetching the script. @ :0
[   22434ms] [ERROR] A bad HTTP response code (404) was received when fetching the script. @ :0
[   22835ms] [ERROR] A bad HTTP response code (404) was received when fetching the script. @ :0
[   23448ms] [ERROR] A bad HTTP response code (404) was received when fetching the script. @ :0
[   23495ms] [ERROR] A bad HTTP response code (404) was received when fetching the script. @ :0
[   23553ms] [ERROR] A bad HTTP response code (404) was received when fetching the script. @ :0
[   24130ms] [ERROR] A bad HTTP response code (404) was received when fetching the script. @ :0
[   24690ms] [ERROR] A bad HTTP response code (404) was received when fetching the script. @ :0
[   24831ms] [ERROR] A bad HTTP response code (404) was received when fetching the script. @ :0
[   24890ms] [ERROR] A bad HTTP response code (404) was received when fetching the script. @ :0
[   24999ms] [ERROR] A bad HTTP response code (404) was received when fetching the script. @ :0
[   25645ms] [ERROR] A bad HTTP response code (404) was received when fetching the script. @ :0
[   25867ms] [ERROR] A bad HTTP response code (404) was received when fetching the script. @ :0
[   25986ms] [ERROR] A bad HTTP response code (404) was received when fetching the script. @ :0
[   26086ms] [ERROR] A bad HTTP response code (404) was received when fetching the script. @ :0
[   26249ms] [ERROR] A bad HTTP response code (404) was received when fetching the script. @ :0
[   26303ms] [ERROR] A bad HTTP response code (404) was received when fetching the script. @ :0
[   26752ms] [ERROR] A bad HTTP response code (404) was received when fetching the script. @ :0
[   27274ms] [ERROR] A bad HTTP response code (404) was received when fetching the script. @ :0
[   27364ms] [ERROR] A bad HTTP response code (404) was received when fetching the script. @ :0
[   27511ms] [ERROR] A bad HTTP response code (404) was received when fetching the script. @ :0
[   27616ms] [ERROR] A bad HTTP response code (404) was received when fetching the script. @ :0
[   28048ms] [ERROR] A bad HTTP response code (404) was received when fetching the script. @ :0
[   28333ms] [ERROR] A bad HTTP response code (404) was received when fetching the script. @ :0
[   28388ms] [ERROR] A bad HTTP response code (404) was received when fetching the script. @ :0
[   28476ms] [ERROR] A bad HTTP response code (404) was received when fetching the script. @ :0
[   28573ms] [ERROR] A bad HTTP response code (404) was received when fetching the script. @ :0
[   28962ms] [ERROR] A bad HTTP response code (404) was received when fetching the script. @ :0
[   29030ms] [ERROR] A bad HTTP response code (404) was received when fetching the script. @ :0
[   30073ms] [ERROR] A bad HTTP response code (404) was received when fetching the script. @ :0
[   30121ms] [ERROR] A bad HTTP response code (404) was received when fetching the script. @ :0
[   30212ms] [ERROR] A bad HTTP response code (404) was received when fetching the script. @ :0
[   30346ms] [ERROR] A bad HTTP response code (404) was received when fetching the script. @ :0
[   30413ms] [ERROR] A bad HTTP response code (404) was received when fetching the script. @ :0
[   30503ms] [ERROR] A bad HTTP response code (404) was received when fetching the script. @ :0
[   30549ms] [ERROR] A bad HTTP response code (404) was received when fetching the script. @ :0
[   30592ms] [ERROR] A bad HTTP response code (404) was received when fetching the script. @ :0
[   30769ms] [ERROR] A bad HTTP response code (404) was received when fetching the script. @ :0
[   31013ms] [ERROR] A bad HTTP response code (404) was received when fetching the script. @ :0
[   31134ms] [ERROR] A bad HTTP response code (404) was received when fetching the script. @ :0
[   31755ms] [ERROR] A bad HTTP response code (404) was received when fetching the script. @ :0
[   31813ms] [ERROR] A bad HTTP response code (404) was received when fetching the script. @ :0
[   31912ms] [ERROR] A bad HTTP response code (404) was received when fetching the script. @ :0
[   32002ms] Failed to register a ServiceWorker for scope ('https://kimseler14.github.io/') with script ('https://kimseler14.github.io/sw.js'): A bad HTTP response code (404) was received when fetching the script.
[   32058ms] [ERROR] A bad HTTP response code (404) was received when fetching the script. @ :0
[   32112ms] [ERROR] A bad HTTP response code (404) was received when fetching the script. @ :0
[   32859ms] [ERROR] A bad HTTP response code (404) was received when fetching the script. @ :0
[   33005ms] [ERROR] A bad HTTP response code (404) was received when fetching the script. @ :0
[   33167ms] [ERROR] A bad HTTP response code (404) was received when fetching the script. @ :0
[   33380ms] [ERROR] A bad HTTP response code (404) was received when fetching the script. @ :0
[   33497ms] [ERROR] A bad HTTP response code (404) was received when fetching the script. @ :0
[   33645ms] [ERROR] A bad HTTP response code (404) was received when fetching the script. @ :0
[   33735ms] [ERROR] A bad HTTP response code (404) was received when fetching the script. @ :0
[   33811ms] [ERROR] A bad HTTP response code (404) was received when fetching the script. @ :0
[   34219ms] [ERROR] A bad HTTP response code (404) was received when fetching the script. @ :0
[   34340ms] [ERROR] A bad HTTP response code (404) was received when fetching the script. @ :0
[   34796ms] [ERROR] A bad HTTP response code (404) was received when fetching the script. @ :0
[   35284ms] [ERROR] A bad HTTP response code (404) was received when fetching the script. @ :0
[   35354ms] [ERROR] A bad HTTP response code (404) was received when fetching the script. @ :0
[   35483ms] [ERROR] A bad HTTP response code (404) was received when fetching the script. @ :0
[   35570ms] [ERROR] A bad HTTP response code (404) was received when fetching the script. @ :0
[   35885ms] [ERROR] A bad HTTP response code (404) was received when fetching the script. @ :0
[   36037ms] [ERROR] A bad HTTP response code (404) was received when fetching the script. @ :0
[   36180ms] [ERROR] A bad HTTP response code (404) was received when fetching the script. @ :0
[   36285ms] [ERROR] A bad HTTP response code (404) was received when fetching the script. @ :0
[   36363ms] [ERROR] A bad HTTP response code (404) was received when fetching the script. @ :0
[   36443ms] [ERROR] A bad HTTP response code (404) was received when fetching the script. @ :0
[   36643ms] [ERROR] A bad HTTP response code (404) was received when fetching the script. @ :0
[   36926ms] [ERROR] A bad HTTP response code (404) was received when fetching the script. @ :0
[   37275ms] [ERROR] A bad HTTP response code (404) was received when fetching the script. @ :0
[   37396ms] [ERROR] A bad HTTP response code (404) was received when fetching the script. @ :0
[   37839ms] [ERROR] A bad HTTP response code (404) was received when fetching the script. @ :0
[   37934ms] [ERROR] A bad HTTP response code (404) was received when fetching the script. @ :0
